  Rendering.cpp
C:\Users\user\Desktop\AI_Engine\AI_Engine\AI_Engine\texture.h(7,2): warning C4091: 'extern ': 當沒有宣告變數時，忽略 '<unnamed-enum-TSIZE>' 的左方
C:\Users\user\Desktop\AI_Engine\AI_Engine\AI_Engine\Collision_Detection.h(22,2): warning C4091: 'typedef ': 當沒有宣告變數時，忽略 'ball' 的左方
C:\Users\user\Desktop\AI_Engine\AI_Engine\AI_Engine\Rendering.h(16,2): warning C4091: 'extern ': 當沒有宣告變數時，忽略 'list' 的左方
C:\Users\user\Desktop\AI_Engine\AI_Engine\AI_Engine\Rendering.cpp(51,74): warning C4305: '正在初始化': 從 'double' 轉換為 'float'，是由較大的類型轉換為較小的類型，可能導致資料遺失
C:\Users\user\Desktop\AI_Engine\AI_Engine\AI_Engine\Rendering.cpp(52,74): warning C4305: '正在初始化': 從 'double' 轉換為 'float'，是由較大的類型轉換為較小的類型，可能導致資料遺失
C:\Users\user\Desktop\AI_Engine\AI_Engine\AI_Engine\Rendering.cpp(53,75): warning C4305: '正在初始化': 從 'double' 轉換為 'float'，是由較大的類型轉換為較小的類型，可能導致資料遺失
C:\Users\user\Desktop\AI_Engine\AI_Engine\AI_Engine\Rendering.cpp(54,42): warning C4305: '正在初始化': 從 'double' 轉換為 'float'，是由較大的類型轉換為較小的類型，可能導致資料遺失
C:\Users\user\Desktop\AI_Engine\AI_Engine\AI_Engine\Rendering.cpp(55,65): warning C4305: '正在初始化': 從 'double' 轉換為 'float'，是由較大的類型轉換為較小的類型，可能導致資料遺失
C:\Users\user\Desktop\AI_Engine\AI_Engine\AI_Engine\Rendering.cpp(56,65): warning C4305: '正在初始化': 從 'double' 轉換為 'float'，是由較大的類型轉換為較小的類型，可能導致資料遺失
C:\Users\user\Desktop\AI_Engine\AI_Engine\AI_Engine\Rendering.cpp(57,66): warning C4305: '正在初始化': 從 'double' 轉換為 'float'，是由較大的類型轉換為較小的類型，可能導致資料遺失
C:\Users\user\Desktop\AI_Engine\AI_Engine\AI_Engine\Rendering.cpp(58,53): warning C4305: '正在初始化': 從 'double' 轉換為 'float'，是由較大的類型轉換為較小的類型，可能導致資料遺失
C:\Users\user\Desktop\AI_Engine\AI_Engine\AI_Engine\Rendering.cpp(89,13): warning C4244: '正在初始化': 將 'float' 轉換為 'int'，由於類型不同，可能導致資料遺失
C:\Users\user\Desktop\AI_Engine\AI_Engine\AI_Engine\Rendering.cpp(90,14): warning C4244: '正在初始化': 將 'float' 轉換為 'int'，由於類型不同，可能導致資料遺失
C:\Users\user\Desktop\AI_Engine\AI_Engine\AI_Engine\Rendering.cpp(580,35): warning C4838: 從 'float' 到 'int' 的轉換必須是縮小轉換
C:\Users\user\Desktop\AI_Engine\AI_Engine\AI_Engine\Rendering.cpp(580,35): warning C4244: '正在初始化': 將 'float' 轉換為 'int'，由於類型不同，可能導致資料遺失
C:\Users\user\Desktop\AI_Engine\AI_Engine\AI_Engine\Rendering.cpp(580,51): warning C4838: 從 'float' 到 'int' 的轉換必須是縮小轉換
C:\Users\user\Desktop\AI_Engine\AI_Engine\AI_Engine\Rendering.cpp(580,51): warning C4244: '正在初始化': 將 'float' 轉換為 'int'，由於類型不同，可能導致資料遺失
C:\Users\user\Desktop\AI_Engine\AI_Engine\AI_Engine\Rendering.cpp(580,67): warning C4838: 從 'float' 到 'int' 的轉換必須是縮小轉換
C:\Users\user\Desktop\AI_Engine\AI_Engine\AI_Engine\Rendering.cpp(580,67): warning C4244: '正在初始化': 將 'float' 轉換為 'int'，由於類型不同，可能導致資料遺失
C:\Users\user\Desktop\AI_Engine\AI_Engine\AI_Engine\Rendering.cpp(598,76): warning C4244: '+=': 將 'float' 轉換為 'int'，由於類型不同，可能導致資料遺失
C:\Users\user\Desktop\AI_Engine\AI_Engine\AI_Engine\Rendering.cpp(599,16): warning C4244: '正在初始化': 將 'float' 轉換為 'int'，由於類型不同，可能導致資料遺失
C:\Users\user\Desktop\AI_Engine\AI_Engine\AI_Engine\Rendering.cpp(608,20): warning C4244: '正在初始化': 將 'float' 轉換為 'int'，由於類型不同，可能導致資料遺失
C:\Users\user\Desktop\AI_Engine\AI_Engine\AI_Engine\Rendering.cpp(609,21): warning C4244: '正在初始化': 將 'float' 轉換為 'int'，由於類型不同，可能導致資料遺失
C:\Users\user\Desktop\AI_Engine\AI_Engine\AI_Engine\Rendering.cpp(615,20): warning C4244: '正在初始化': 將 'float' 轉換為 'int'，由於類型不同，可能導致資料遺失
C:\Users\user\Desktop\AI_Engine\AI_Engine\AI_Engine\Rendering.cpp(616,21): warning C4244: '正在初始化': 將 'float' 轉換為 'int'，由於類型不同，可能導致資料遺失
C:\Users\user\Desktop\AI_Engine\AI_Engine\AI_Engine\Rendering.cpp(625,20): warning C4244: '正在初始化': 將 'float' 轉換為 'int'，由於類型不同，可能導致資料遺失
C:\Users\user\Desktop\AI_Engine\AI_Engine\AI_Engine\Rendering.cpp(626,21): warning C4244: '正在初始化': 將 'float' 轉換為 'int'，由於類型不同，可能導致資料遺失
C:\Users\user\Desktop\AI_Engine\AI_Engine\AI_Engine\Rendering.cpp(632,20): warning C4244: '正在初始化': 將 'float' 轉換為 'int'，由於類型不同，可能導致資料遺失
C:\Users\user\Desktop\AI_Engine\AI_Engine\AI_Engine\Rendering.cpp(633,21): warning C4244: '正在初始化': 將 'float' 轉換為 'int'，由於類型不同，可能導致資料遺失
C:\Users\user\Desktop\AI_Engine\AI_Engine\AI_Engine\Rendering.cpp(647,19): warning C4244: '正在初始化': 將 'float' 轉換為 'int'，由於類型不同，可能導致資料遺失
C:\Users\user\Desktop\AI_Engine\AI_Engine\AI_Engine\Rendering.cpp(648,20): warning C4244: '正在初始化': 將 'float' 轉換為 'int'，由於類型不同，可能導致資料遺失
C:\Users\user\Desktop\AI_Engine\AI_Engine\AI_Engine\Rendering.cpp(652,20): warning C4244: '正在初始化': 將 'float' 轉換為 'int'，由於類型不同，可能導致資料遺失
C:\Users\user\Desktop\AI_Engine\AI_Engine\AI_Engine\Rendering.cpp(653,21): warning C4244: '正在初始化': 將 'float' 轉換為 'int'，由於類型不同，可能導致資料遺失
C:\Users\user\Desktop\AI_Engine\AI_Engine\AI_Engine\Rendering.cpp(667,19): warning C4244: '正在初始化': 將 'float' 轉換為 'int'，由於類型不同，可能導致資料遺失
C:\Users\user\Desktop\AI_Engine\AI_Engine\AI_Engine\Rendering.cpp(668,20): warning C4244: '正在初始化': 將 'float' 轉換為 'int'，由於類型不同，可能導致資料遺失
C:\Users\user\Desktop\AI_Engine\AI_Engine\AI_Engine\Rendering.cpp(681,19): warning C4244: '正在初始化': 將 'float' 轉換為 'int'，由於類型不同，可能導致資料遺失
C:\Users\user\Desktop\AI_Engine\AI_Engine\AI_Engine\Rendering.cpp(682,20): warning C4244: '正在初始化': 將 'float' 轉換為 'int'，由於類型不同，可能導致資料遺失
C:\Users\user\Desktop\AI_Engine\AI_Engine\AI_Engine\Rendering.cpp(693,76): warning C4244: '+=': 將 'float' 轉換為 'int'，由於類型不同，可能導致資料遺失
C:\Users\user\Desktop\AI_Engine\AI_Engine\AI_Engine\Rendering.cpp(694,16): warning C4244: '正在初始化': 將 'float' 轉換為 'int'，由於類型不同，可能導致資料遺失
C:\Users\user\Desktop\AI_Engine\AI_Engine\AI_Engine\Rendering.cpp(703,20): warning C4244: '正在初始化': 將 'float' 轉換為 'int'，由於類型不同，可能導致資料遺失
C:\Users\user\Desktop\AI_Engine\AI_Engine\AI_Engine\Rendering.cpp(704,21): warning C4244: '正在初始化': 將 'float' 轉換為 'int'，由於類型不同，可能導致資料遺失
C:\Users\user\Desktop\AI_Engine\AI_Engine\AI_Engine\Rendering.cpp(710,20): warning C4244: '正在初始化': 將 'float' 轉換為 'int'，由於類型不同，可能導致資料遺失
C:\Users\user\Desktop\AI_Engine\AI_Engine\AI_Engine\Rendering.cpp(711,21): warning C4244: '正在初始化': 將 'float' 轉換為 'int'，由於類型不同，可能導致資料遺失
C:\Users\user\Desktop\AI_Engine\AI_Engine\AI_Engine\Rendering.cpp(720,20): warning C4244: '正在初始化': 將 'float' 轉換為 'int'，由於類型不同，可能導致資料遺失
C:\Users\user\Desktop\AI_Engine\AI_Engine\AI_Engine\Rendering.cpp(721,21): warning C4244: '正在初始化': 將 'float' 轉換為 'int'，由於類型不同，可能導致資料遺失
C:\Users\user\Desktop\AI_Engine\AI_Engine\AI_Engine\Rendering.cpp(727,20): warning C4244: '正在初始化': 將 'float' 轉換為 'int'，由於類型不同，可能導致資料遺失
C:\Users\user\Desktop\AI_Engine\AI_Engine\AI_Engine\Rendering.cpp(728,21): warning C4244: '正在初始化': 將 'float' 轉換為 'int'，由於類型不同，可能導致資料遺失
C:\Users\user\Desktop\AI_Engine\AI_Engine\AI_Engine\Rendering.cpp(743,19): warning C4244: '正在初始化': 將 'float' 轉換為 'int'，由於類型不同，可能導致資料遺失
C:\Users\user\Desktop\AI_Engine\AI_Engine\AI_Engine\Rendering.cpp(744,20): warning C4244: '正在初始化': 將 'float' 轉換為 'int'，由於類型不同，可能導致資料遺失
C:\Users\user\Desktop\AI_Engine\AI_Engine\AI_Engine\Rendering.cpp(748,20): warning C4244: '正在初始化': 將 'float' 轉換為 'int'，由於類型不同，可能導致資料遺失
C:\Users\user\Desktop\AI_Engine\AI_Engine\AI_Engine\Rendering.cpp(749,21): warning C4244: '正在初始化': 將 'float' 轉換為 'int'，由於類型不同，可能導致資料遺失
C:\Users\user\Desktop\AI_Engine\AI_Engine\AI_Engine\Rendering.cpp(764,19): warning C4244: '正在初始化': 將 'float' 轉換為 'int'，由於類型不同，可能導致資料遺失
C:\Users\user\Desktop\AI_Engine\AI_Engine\AI_Engine\Rendering.cpp(765,20): warning C4244: '正在初始化': 將 'float' 轉換為 'int'，由於類型不同，可能導致資料遺失
C:\Users\user\Desktop\AI_Engine\AI_Engine\AI_Engine\Rendering.cpp(778,19): warning C4244: '正在初始化': 將 'float' 轉換為 'int'，由於類型不同，可能導致資料遺失
C:\Users\user\Desktop\AI_Engine\AI_Engine\AI_Engine\Rendering.cpp(779,20): warning C4244: '正在初始化': 將 'float' 轉換為 'int'，由於類型不同，可能導致資料遺失
C:\Users\user\Desktop\AI_Engine\AI_Engine\AI_Engine\Rendering.cpp(791,14): warning C4244: '正在初始化': 將 'float' 轉換為 'int'，由於類型不同，可能導致資料遺失
C:\Users\user\Desktop\AI_Engine\AI_Engine\AI_Engine\Rendering.cpp(792,15): warning C4244: '正在初始化': 將 'float' 轉換為 'int'，由於類型不同，可能導致資料遺失
  AI_Engine.vcxproj -> C:\Users\user\Desktop\AI_Engine\AI_Engine\Debug\AI_Engine.exe
